<?xml version="1.0" encoding="UTF-8"?>
<!-- Generated by org.testng.reporters.JUnitReportReporter -->
<testsuite hostname="LAPTOP-VERKEBR9" failures="0" tests="1" name="ui.play.NewTest" time="11.776" errors="0" timestamp="13 May 2021 05:01:57 GMT">
  <testcase classname="ui.play.NewTest" name="testEasy" time="11.776"/>
</testsuite> <!-- ui.play.NewTest -->
